0 info it worked if it ends with ok
1 verbose cli [ '/Users/nigeldasilvalima/.nvm/versions/node/v7.5.0/bin/node',
1 verbose cli   '/Users/nigeldasilvalima/.nvm/versions/node/v7.5.0/bin/npm',
1 verbose cli   'run',
1 verbose cli   'server' ]
2 info using npm@4.1.2
3 info using node@v7.5.0
4 verbose run-script [ 'preserver', 'server', 'postserver' ]
5 info lifecycle torre_matchmaking@1.0.0~preserver: torre_matchmaking@1.0.0
6 silly lifecycle torre_matchmaking@1.0.0~preserver: no script for preserver, continuing
7 info lifecycle torre_matchmaking@1.0.0~server: torre_matchmaking@1.0.0
8 verbose lifecycle torre_matchmaking@1.0.0~server: unsafe-perm in lifecycle true
9 verbose lifecycle torre_matchmaking@1.0.0~server: PATH: /Users/nigeldasilvalima/.nvm/versions/node/v7.5.0/lib/node_modules/npm/bin/node-gyp-bin:/Users/nigeldasilvalima/Dropbox/JsStack/torre_matchmaking/node_modules/.bin:/usr/local/bin:/usr/bin:/bin:/usr/sbin:/sbin:/usr/local/bin:/usr/local/mysql/bin:/Users/nigeldasilvalima/.nvm/versions/node/v7.5.0/bin
10 verbose lifecycle torre_matchmaking@1.0.0~server: CWD: /Users/nigeldasilvalima/Dropbox/JsStack/torre_matchmaking
11 silly lifecycle torre_matchmaking@1.0.0~server: Args: [ '-c', './node_modules/nodemon/bin/nodemon server.js' ]
12 info lifecycle torre_matchmaking@1.0.0~server: Failed to exec server script
13 verbose stack Error: torre_matchmaking@1.0.0 server: `./node_modules/nodemon/bin/nodemon server.js`
13 verbose stack spawn ENOENT
13 verbose stack     at ChildProcess.<anonymous> (/Users/nigeldasilvalima/.nvm/versions/node/v7.5.0/lib/node_modules/npm/lib/utils/spawn.js:33:16)
13 verbose stack     at emitTwo (events.js:106:13)
13 verbose stack     at ChildProcess.emit (events.js:192:7)
13 verbose stack     at maybeClose (internal/child_process.js:890:16)
13 verbose stack     at Process.ChildProcess._handle.onexit (internal/child_process.js:226:5)
14 verbose pkgid torre_matchmaking@1.0.0
15 verbose cwd /Users/nigeldasilvalima/Dropbox/JsStack/torre_matchmaking
16 error Darwin 16.7.0
17 error argv "/Users/nigeldasilvalima/.nvm/versions/node/v7.5.0/bin/node" "/Users/nigeldasilvalima/.nvm/versions/node/v7.5.0/bin/npm" "run" "server"
18 error node v7.5.0
19 error npm  v4.1.2
20 error file sh
21 error code ELIFECYCLE
22 error errno ENOENT
23 error syscall spawn
24 error torre_matchmaking@1.0.0 server: `./node_modules/nodemon/bin/nodemon server.js`
24 error spawn ENOENT
25 error Failed at the torre_matchmaking@1.0.0 server script './node_modules/nodemon/bin/nodemon server.js'.
25 error Make sure you have the latest version of node.js and npm installed.
25 error If you do, this is most likely a problem with the torre_matchmaking package,
25 error not with npm itself.
25 error Tell the author that this fails on your system:
25 error     ./node_modules/nodemon/bin/nodemon server.js
25 error You can get information on how to open an issue for this project with:
25 error     npm bugs torre_matchmaking
25 error Or if that isn't available, you can get their info via:
25 error     npm owner ls torre_matchmaking
25 error There is likely additional logging output above.
26 verbose exit [ 1, true ]
